Using pre-set license

 COMMAND LINE ARGUMENTS:
/Users/liliazeltakova/UnityProjects/2020.3.16f1c1/Unity.app/Contents/MacOS/Unity
-adb2
-batchMode
-noUpm
-name
AssetImportWorker0
-projectPath
/Users/liliazeltakova/UnityProjects/Homework_6
-logFile
Logs/AssetImportWorker0.log
-srvPort
51070
Successfully changed project path to: /Users/liliazeltakova/UnityProjects/Homework_6
/Users/liliazeltakova/UnityProjects/Homework_6
Using Asset Import Pipeline V2.
AS: AutoStreaming module initializing.Refreshing native plugins compatible for Editor in 81.95 ms, found 3 plugins.
Preloading 0 native plugins for Editor in 0.00 ms.
Initialize engine version: 2020.3.16f1c1 (52703c1271a5)
[Subsystems] Discovering subsystems at path /Users/liliazeltakova/UnityProjects/2020.3.16f1c1/Unity.app/Contents/Resources/UnitySubsystems
[Subsystems] Discovering subsystems at path /Users/liliazeltakova/UnityProjects/Homework_6/Assets
GfxDevice: creating device client; threaded=0
2021-12-13 14:14:05.234 Unity[17611:1468546] Color LCD preferred device: Intel(R) Iris(TM) Plus Graphics 655 (low power)
2021-12-13 14:14:05.234 Unity[17611:1468546] Metal devices available: 1
2021-12-13 14:14:05.234 Unity[17611:1468546] 0: Intel(R) Iris(TM) Plus Graphics 655 (low power)
2021-12-13 14:14:05.235 Unity[17611:1468546] Using device Intel(R) Iris(TM) Plus Graphics 655 (low power)
Initializing Metal device caps: Intel(R) Iris(TM) Plus Graphics 655
Initialize mono
Mono path[0] = '/Users/liliazeltakova/UnityProjects/2020.3.16f1c1/Unity.app/Contents/Managed'
Mono path[1] = '/Users/liliazeltakova/UnityProjects/2020.3.16f1c1/Unity.app/Contents/MonoBleedingEdge/lib/mono/unityjit'
Mono config path = '/Users/liliazeltakova/UnityProjects/2020.3.16f1c1/Unity.app/Contents/MonoBleedingEdge/etc'
Using monoOptions --debugger-agent=transport=dt_socket,embedding=1,server=y,suspend=n,address=127.0.0.1:56611
Begin MonoManager ReloadAssembly
Registering precompiled unity dll's ...
Register platform support module: /Users/liliazeltakova/UnityProjects/2020.3.16f1c1/Unity.app/Contents/PlaybackEngines/MacStandaloneSupport/UnityEditor.OSXStandalone.Extensions.dll
Registered in 0.003920 seconds.
Native extension for OSXStandalone target not found
Refreshing native plugins compatible for Editor in 60.24 ms, found 3 plugins.
Preloading 0 native plugins for Editor in 0.00 ms.
Mono: successfully reloaded assembly
- Completed reload, in  3.288 seconds
Domain Reload Profiling:
	ReloadAssembly (3288ms)
		BeginReloadAssembly (68ms)
			ExecutionOrderSort (0ms)
			DisableScriptedObjects (0ms)
			BackupInstance (0ms)
			ReleaseScriptingObjects (0ms)
			CreateAndSetChildDomain (1ms)
		EndReloadAssembly (607ms)
			LoadAssemblies (69ms)
			RebuildTransferFunctionScriptingTraits (0ms)
			SetupTypeCache (219ms)
			ReleaseScriptCaches (0ms)
			RebuildScriptCaches (68ms)
			SetupLoadedEditorAssemblies (246ms)
				LogAssemblyErrors (0ms)
				InitializePlatformSupportModulesInManaged (4ms)
				SetLoadedEditorAssemblies (0ms)
				RefreshPlugins (60ms)
				BeforeProcessingInitializeOnLoad (12ms)
				ProcessInitializeOnLoadAttributes (124ms)
				ProcessInitializeOnLoadMethodAttributes (44ms)
				AfterProcessingInitializeOnLoad (0ms)
				EditorAssembliesLoaded (0ms)
			ExecutionOrderSort2 (0ms)
			AwakeInstancesAfterBackupRestoration (0ms)
Platform modules already initialized, skipping
Registering precompiled user dll's ...
Registered in 0.008996 seconds.
Begin MonoManager ReloadAssembly
Native extension for OSXStandalone target not found
Refreshing native plugins compatible for Editor in 51.42 ms, found 3 plugins.
Preloading 0 native plugins for Editor in 0.00 ms.
Mono: successfully reloaded assembly
- Completed reload, in  1.644 seconds
Domain Reload Profiling:
	ReloadAssembly (1646ms)
		BeginReloadAssembly (193ms)
			ExecutionOrderSort (0ms)
			DisableScriptedObjects (6ms)
			BackupInstance (0ms)
			ReleaseScriptingObjects (0ms)
			CreateAndSetChildDomain (41ms)
		EndReloadAssembly (1374ms)
			LoadAssemblies (136ms)
			RebuildTransferFunctionScriptingTraits (0ms)
			SetupTypeCache (455ms)
			ReleaseScriptCaches (1ms)
			RebuildScriptCaches (78ms)
			SetupLoadedEditorAssemblies (539ms)
				LogAssemblyErrors (0ms)
				InitializePlatformSupportModulesInManaged (4ms)
				SetLoadedEditorAssemblies (0ms)
				RefreshPlugins (52ms)
				BeforeProcessingInitializeOnLoad (81ms)
				ProcessInitializeOnLoadAttributes (385ms)
				ProcessInitializeOnLoadMethodAttributes (16ms)
				AfterProcessingInitializeOnLoad (1ms)
				EditorAssembliesLoaded (0ms)
			ExecutionOrderSort2 (0ms)
			AwakeInstancesAfterBackupRestoration (9ms)
Platform modules already initialized, skipping
========================================================================
Worker process is ready to serve import requests
Launching external process: /Users/liliazeltakova/UnityProjects/2020.3.16f1c1/Unity.app/Contents/Tools/UnityShaderCompiler
Launched and connected shader compiler UnityShaderCompiler after 0.01 seconds
Refreshing native plugins compatible for Editor in 0.72 ms, found 3 plugins.
Preloading 0 native plugins for Editor in 0.00 ms.
Unloading 2096 Unused Serialized files (Serialized files now loaded: 0)
System memory in use before: 172.6 MB.
System memory in use after: 172.7 MB.

Unloading 28 unused Assets to reduce memory usage. Loaded Objects now: 2535.
Total: 3.877961 ms (FindLiveObjects: 0.248066 ms CreateObjectMapping: 0.097455 ms MarkObjects: 3.456879 ms  DeleteObjects: 0.074157 ms)

AssetImportParameters requested are different than current active one (requested -> active):
  custom:video-decoder-ogg-theora: a1e56fd34408186e4bbccfd4996cb3dc -> 
  custom:container-muxer-webm: aa71ff27fc2769a1b78a27578f13a17b -> 
  custom:container-demuxer-webm: 4f35f7cbe854078d1ac9338744f61a02 -> 
  custom:container-demuxer-ogg: 62fdf1f143b41e24485cea50d1cbac27 -> 
  custom:video-encoder-webm-vp8: eb34c28f22e8b96e1ab97ce403110664 -> 
  custom:framework-osx-AVFoundation: e770b220cccbd017edd2c1fefb359320 -> 
  custom:video-decoder-webm-vp8: 9c59270c3fd7afecdb556c50c9e8de78 -> 
  custom:audio-decoder-ogg-vorbis: bf7c407c2cedff20999df2af8eb42d56 -> 
  custom:audio-encoder-webm-vorbis: bf7c407c2cedff20999df2af8eb42d56 -> 
========================================================================
Received Import Request.
  path: Assets/Scripts/RoomType.cs
  artifactKey: Guid(81d8d577be5bb4144b85a0b8a05a1cb0) Importer(815301076,1909f56bfc062723c751e8b465ee728b)
Start importing Assets/Scripts/RoomType.cs using Guid(81d8d577be5bb4144b85a0b8a05a1cb0) Importer(815301076,1909f56bfc062723c751e8b465ee728b)  -> (artifact id: 'd6f20956fd596a5f3d4190a4dc2c8665') in 0.498484 seconds 
  Import took 0.504634 seconds .

========================================================================
Received Import Request.
  Time since last request: 2.414758 seconds.
  path: Assets/Scripts/ExtraRoomsSpawner.cs
  artifactKey: Guid(4e8d48333d88a46e78e3393cddb3a0f5) Importer(815301076,1909f56bfc062723c751e8b465ee728b)
Start importing Assets/Scripts/ExtraRoomsSpawner.cs using Guid(4e8d48333d88a46e78e3393cddb3a0f5) Importer(815301076,1909f56bfc062723c751e8b465ee728b)  -> (artifact id: '5d1771cb6e3a1bd9e14a34209b7916f9') in 0.002521 seconds 
  Import took 0.007431 seconds .

========================================================================
Received Import Request.
  Time since last request: 5.897613 seconds.
  path: Assets/Prefab/Rooms/Room_Solid.prefab
  artifactKey: Guid(982827edcfe724e76bf766586cea11b5) Importer(815301076,1909f56bfc062723c751e8b465ee728b)
Start importing Assets/Prefab/Rooms/Room_Solid.prefab using Guid(982827edcfe724e76bf766586cea11b5) Importer(815301076,1909f56bfc062723c751e8b465ee728b)  -> (artifact id: '9195170a72176b804e2efce7459a1d00') in 1.440254 seconds 
  Import took 1.446656 seconds .

========================================================================
Received Import Request.
  Time since last request: 7.070670 seconds.
  path: Assets/Prefab/Rooms/LR/Room_LR.prefab
  artifactKey: Guid(f926763acbc224772aebceda4432823f) Importer(815301076,1909f56bfc062723c751e8b465ee728b)
Start importing Assets/Prefab/Rooms/LR/Room_LR.prefab using Guid(f926763acbc224772aebceda4432823f) Importer(815301076,1909f56bfc062723c751e8b465ee728b)  -> (artifact id: '377613534bdf13363de606c4f16e9388') in 0.008367 seconds 
  Import took 0.013802 seconds .

========================================================================
Received Import Request.
  Time since last request: 0.003884 seconds.
  path: Assets/Prefab/Rooms/LR/Room_LR.prefab
  artifactKey: Guid(f926763acbc224772aebceda4432823f) Importer(815301076,1909f56bfc062723c751e8b465ee728b)
Start importing Assets/Prefab/Rooms/LR/Room_LR.prefab using Guid(f926763acbc224772aebceda4432823f) Importer(815301076,1909f56bfc062723c751e8b465ee728b)  -> (artifact id: '377613534bdf13363de606c4f16e9388') in 0.011789 seconds 
  Import took 0.016674 seconds .

========================================================================
Received Import Request.
  Time since last request: 4.335217 seconds.
  path: Assets/Prefab/Rooms/LR/Room_LRB.prefab
  artifactKey: Guid(6caff4c8839494cd8a9035f9acc0b938) Importer(815301076,1909f56bfc062723c751e8b465ee728b)
Start importing Assets/Prefab/Rooms/LR/Room_LRB.prefab using Guid(6caff4c8839494cd8a9035f9acc0b938) Importer(815301076,1909f56bfc062723c751e8b465ee728b)  -> (artifact id: '5ef9b9fd9fade90c2b8a77674a1849ae') in 0.009440 seconds 
  Import took 0.019034 seconds .

========================================================================
Received Import Request.
  Time since last request: 6.163487 seconds.
  path: Assets/Prefab/Rooms/LR/Room_LR.prefab
  artifactKey: Guid(f926763acbc224772aebceda4432823f) Importer(815301076,1909f56bfc062723c751e8b465ee728b)
Start importing Assets/Prefab/Rooms/LR/Room_LR.prefab using Guid(f926763acbc224772aebceda4432823f) Importer(815301076,1909f56bfc062723c751e8b465ee728b)  -> (artifact id: '69d324e8ff82533cd037682a53e8beec') in 0.014722 seconds 
  Import took 0.021751 seconds .

========================================================================
Received Import Request.
  Time since last request: 1.749791 seconds.
  path: Assets/Prefab/Rooms/LR/Room_LRT.prefab
  artifactKey: Guid(64ae25e5506cc4e97bdc0b4522a4fa07) Importer(815301076,1909f56bfc062723c751e8b465ee728b)
Start importing Assets/Prefab/Rooms/LR/Room_LRT.prefab using Guid(64ae25e5506cc4e97bdc0b4522a4fa07) Importer(815301076,1909f56bfc062723c751e8b465ee728b)  -> (artifact id: 'd6998ce7d2f45f5c113af7dd89e24176') in 0.009372 seconds 
  Import took 0.016717 seconds .

========================================================================
Received Import Request.
  Time since last request: 2.100429 seconds.
  path: Assets/Prefab/Rooms/LR/Room_LRT.prefab
  artifactKey: Guid(64ae25e5506cc4e97bdc0b4522a4fa07) Importer(815301076,1909f56bfc062723c751e8b465ee728b)
Start importing Assets/Prefab/Rooms/LR/Room_LRT.prefab using Guid(64ae25e5506cc4e97bdc0b4522a4fa07) Importer(815301076,1909f56bfc062723c751e8b465ee728b)  -> (artifact id: '2e06b2bf45b3b07a72c7f94ff306e305') in 0.012541 seconds 
  Import took 0.018873 seconds .

========================================================================
Received Import Request.
  Time since last request: 2.780467 seconds.
  path: Assets/Prefab/Rooms/LR/Room_LRTB.prefab
  artifactKey: Guid(b7b3bcd7c0b194bed8f84b6c7f720313) Importer(815301076,1909f56bfc062723c751e8b465ee728b)
Start importing Assets/Prefab/Rooms/LR/Room_LRTB.prefab using Guid(b7b3bcd7c0b194bed8f84b6c7f720313) Importer(815301076,1909f56bfc062723c751e8b465ee728b)  -> (artifact id: 'fd29329f01c4b0ade51d035a07f70186') in 0.030238 seconds 
  Import took 0.040907 seconds .

========================================================================
Received Import Request.
  Time since last request: 2.094310 seconds.
  path: Assets/Prefab/Rooms/LR/Room_LRTB.prefab
  artifactKey: Guid(b7b3bcd7c0b194bed8f84b6c7f720313) Importer(815301076,1909f56bfc062723c751e8b465ee728b)
Start importing Assets/Prefab/Rooms/LR/Room_LRTB.prefab using Guid(b7b3bcd7c0b194bed8f84b6c7f720313) Importer(815301076,1909f56bfc062723c751e8b465ee728b)  -> (artifact id: '161bd566f19eea8554ed8d87fb3cf396') in 0.010452 seconds 
  Import took 0.016438 seconds .

========================================================================
Received Prepare
Registering precompiled user dll's ...
Registered in 0.010153 seconds.
Begin MonoManager ReloadAssembly
Native extension for OSXStandalone target not found
Refreshing native plugins compatible for Editor in 0.61 ms, found 3 plugins.
Preloading 0 native plugins for Editor in 0.00 ms.
Mono: successfully reloaded assembly
- Completed reload, in  1.764 seconds
Domain Reload Profiling:
	ReloadAssembly (1766ms)
		BeginReloadAssembly (243ms)
			ExecutionOrderSort (0ms)
			DisableScriptedObjects (15ms)
			BackupInstance (0ms)
			ReleaseScriptingObjects (0ms)
			CreateAndSetChildDomain (140ms)
		EndReloadAssembly (1444ms)
			LoadAssemblies (133ms)
			RebuildTransferFunctionScriptingTraits (0ms)
			SetupTypeCache (597ms)
			ReleaseScriptCaches (1ms)
			RebuildScriptCaches (124ms)
			SetupLoadedEditorAssemblies (424ms)
				LogAssemblyErrors (0ms)
				InitializePlatformSupportModulesInManaged (6ms)
				SetLoadedEditorAssemblies (1ms)
				RefreshPlugins (1ms)
				BeforeProcessingInitializeOnLoad (76ms)
				ProcessInitializeOnLoadAttributes (332ms)
				ProcessInitializeOnLoadMethodAttributes (7ms)
				AfterProcessingInitializeOnLoad (2ms)
				EditorAssembliesLoaded (0ms)
			ExecutionOrderSort2 (0ms)
			AwakeInstancesAfterBackupRestoration (13ms)
Platform modules already initialized, skipping
Refreshing native plugins compatible for Editor in 0.72 ms, found 3 plugins.
Preloading 0 native plugins for Editor in 0.00 ms.
Unloading 2086 Unused Serialized files (Serialized files now loaded: 0)
System memory in use before: 180.9 MB.
System memory in use after: 181.0 MB.

Unloading 16 unused Assets to reduce memory usage. Loaded Objects now: 2538.
Total: 3.375150 ms (FindLiveObjects: 0.278729 ms CreateObjectMapping: 0.077038 ms MarkObjects: 2.992858 ms  DeleteObjects: 0.025543 ms)

AssetImportParameters requested are different than current active one (requested -> active):
  custom:video-decoder-ogg-theora: a1e56fd34408186e4bbccfd4996cb3dc -> 
  custom:container-muxer-webm: aa71ff27fc2769a1b78a27578f13a17b -> 
  custom:container-demuxer-webm: 4f35f7cbe854078d1ac9338744f61a02 -> 
  custom:container-demuxer-ogg: 62fdf1f143b41e24485cea50d1cbac27 -> 
  custom:video-encoder-webm-vp8: eb34c28f22e8b96e1ab97ce403110664 -> 
  custom:framework-osx-AVFoundation: e770b220cccbd017edd2c1fefb359320 -> 
  custom:video-decoder-webm-vp8: 9c59270c3fd7afecdb556c50c9e8de78 -> 
  custom:audio-decoder-ogg-vorbis: bf7c407c2cedff20999df2af8eb42d56 -> 
  custom:audio-encoder-webm-vorbis: bf7c407c2cedff20999df2af8eb42d56 -> 
========================================================================
Received Prepare
Registering precompiled user dll's ...
Registered in 0.012574 seconds.
Begin MonoManager ReloadAssembly
Native extension for OSXStandalone target not found
Refreshing native plugins compatible for Editor in 0.60 ms, found 3 plugins.
Preloading 0 native plugins for Editor in 0.00 ms.
Mono: successfully reloaded assembly
- Completed reload, in  1.437 seconds
Domain Reload Profiling:
	ReloadAssembly (1437ms)
		BeginReloadAssembly (165ms)
			ExecutionOrderSort (0ms)
			DisableScriptedObjects (9ms)
			BackupInstance (0ms)
			ReleaseScriptingObjects (0ms)
			CreateAndSetChildDomain (86ms)
		EndReloadAssembly (1191ms)
			LoadAssemblies (131ms)
			RebuildTransferFunctionScriptingTraits (0ms)
			SetupTypeCache (411ms)
			ReleaseScriptCaches (1ms)
			RebuildScriptCaches (66ms)
			SetupLoadedEditorAssemblies (440ms)
				LogAssemblyErrors (0ms)
				InitializePlatformSupportModulesInManaged (6ms)
				SetLoadedEditorAssemblies (1ms)
				RefreshPlugins (1ms)
				BeforeProcessingInitializeOnLoad (77ms)
				ProcessInitializeOnLoadAttributes (347ms)
				ProcessInitializeOnLoadMethodAttributes (7ms)
				AfterProcessingInitializeOnLoad (2ms)
				EditorAssembliesLoaded (0ms)
			ExecutionOrderSort2 (0ms)
			AwakeInstancesAfterBackupRestoration (15ms)
Platform modules already initialized, skipping
Refreshing native plugins compatible for Editor in 0.57 ms, found 3 plugins.
Preloading 0 native plugins for Editor in 0.00 ms.
Unloading 2086 Unused Serialized files (Serialized files now loaded: 0)
System memory in use before: 181.2 MB.
System memory in use after: 181.3 MB.

Unloading 16 unused Assets to reduce memory usage. Loaded Objects now: 2541.
Total: 3.546563 ms (FindLiveObjects: 0.211562 ms CreateObjectMapping: 0.078103 ms MarkObjects: 3.220556 ms  DeleteObjects: 0.035162 ms)

AssetImportParameters requested are different than current active one (requested -> active):
  custom:video-decoder-ogg-theora: a1e56fd34408186e4bbccfd4996cb3dc -> 
  custom:container-muxer-webm: aa71ff27fc2769a1b78a27578f13a17b -> 
  custom:container-demuxer-webm: 4f35f7cbe854078d1ac9338744f61a02 -> 
  custom:container-demuxer-ogg: 62fdf1f143b41e24485cea50d1cbac27 -> 
  custom:video-encoder-webm-vp8: eb34c28f22e8b96e1ab97ce403110664 -> 
  custom:framework-osx-AVFoundation: e770b220cccbd017edd2c1fefb359320 -> 
  custom:video-decoder-webm-vp8: 9c59270c3fd7afecdb556c50c9e8de78 -> 
  custom:audio-decoder-ogg-vorbis: bf7c407c2cedff20999df2af8eb42d56 -> 
  custom:audio-encoder-webm-vorbis: bf7c407c2cedff20999df2af8eb42d56 -> 
========================================================================
Received Import Request.
  Time since last request: 400.642828 seconds.
  path: Assets/Prefab/Rooms/LR/Room_LR.prefab
  artifactKey: Guid(f926763acbc224772aebceda4432823f) Importer(815301076,1909f56bfc062723c751e8b465ee728b)
Start importing Assets/Prefab/Rooms/LR/Room_LR.prefab using Guid(f926763acbc224772aebceda4432823f) Importer(815301076,1909f56bfc062723c751e8b465ee728b)  -> (artifact id: '4b6701eaf21c38131d29a7a6c2595dd9') in 0.090548 seconds 
  Import took 0.096531 seconds .

========================================================================
Received Prepare
Registering precompiled user dll's ...
Registered in 0.011690 seconds.
Begin MonoManager ReloadAssembly
Native extension for OSXStandalone target not found
Refreshing native plugins compatible for Editor in 0.62 ms, found 3 plugins.
Preloading 0 native plugins for Editor in 0.00 ms.
Mono: successfully reloaded assembly
- Completed reload, in  1.324 seconds
Domain Reload Profiling:
	ReloadAssembly (1325ms)
		BeginReloadAssembly (155ms)
			ExecutionOrderSort (0ms)
			DisableScriptedObjects (8ms)
			BackupInstance (0ms)
			ReleaseScriptingObjects (0ms)
			CreateAndSetChildDomain (83ms)
		EndReloadAssembly (1095ms)
			LoadAssemblies (87ms)
			RebuildTransferFunctionScriptingTraits (0ms)
			SetupTypeCache (397ms)
			ReleaseScriptCaches (1ms)
			RebuildScriptCaches (63ms)
			SetupLoadedEditorAssemblies (414ms)
				LogAssemblyErrors (0ms)
				InitializePlatformSupportModulesInManaged (5ms)
				SetLoadedEditorAssemblies (1ms)
				RefreshPlugins (1ms)
				BeforeProcessingInitializeOnLoad (76ms)
				ProcessInitializeOnLoadAttributes (323ms)
				ProcessInitializeOnLoadMethodAttributes (7ms)
				AfterProcessingInitializeOnLoad (1ms)
				EditorAssembliesLoaded (0ms)
			ExecutionOrderSort2 (0ms)
			AwakeInstancesAfterBackupRestoration (13ms)
Platform modules already initialized, skipping
Refreshing native plugins compatible for Editor in 0.63 ms, found 3 plugins.
Preloading 0 native plugins for Editor in 0.00 ms.
Unloading 2086 Unused Serialized files (Serialized files now loaded: 0)
System memory in use before: 181.4 MB.
System memory in use after: 181.5 MB.

Unloading 16 unused Assets to reduce memory usage. Loaded Objects now: 2544.
Total: 3.706925 ms (FindLiveObjects: 0.260978 ms CreateObjectMapping: 0.094479 ms MarkObjects: 3.332611 ms  DeleteObjects: 0.017749 ms)

AssetImportParameters requested are different than current active one (requested -> active):
  custom:video-decoder-ogg-theora: a1e56fd34408186e4bbccfd4996cb3dc -> 
  custom:container-muxer-webm: aa71ff27fc2769a1b78a27578f13a17b -> 
  custom:container-demuxer-webm: 4f35f7cbe854078d1ac9338744f61a02 -> 
  custom:container-demuxer-ogg: 62fdf1f143b41e24485cea50d1cbac27 -> 
  custom:video-encoder-webm-vp8: eb34c28f22e8b96e1ab97ce403110664 -> 
  custom:framework-osx-AVFoundation: e770b220cccbd017edd2c1fefb359320 -> 
  custom:video-decoder-webm-vp8: 9c59270c3fd7afecdb556c50c9e8de78 -> 
  custom:audio-decoder-ogg-vorbis: bf7c407c2cedff20999df2af8eb42d56 -> 
  custom:audio-encoder-webm-vorbis: bf7c407c2cedff20999df2af8eb42d56 -> 
========================================================================
Received Prepare
Registering precompiled user dll's ...
Registered in 0.001821 seconds.
Begin MonoManager ReloadAssembly
Native extension for OSXStandalone target not found
Refreshing native plugins compatible for Editor in 0.79 ms, found 3 plugins.
Preloading 0 native plugins for Editor in 0.00 ms.
Mono: successfully reloaded assembly
- Completed reload, in  1.302 seconds
Domain Reload Profiling:
	ReloadAssembly (1302ms)
		BeginReloadAssembly (148ms)
			ExecutionOrderSort (0ms)
			DisableScriptedObjects (7ms)
			BackupInstance (0ms)
			ReleaseScriptingObjects (0ms)
			CreateAndSetChildDomain (78ms)
		EndReloadAssembly (1080ms)
			LoadAssemblies (88ms)
			RebuildTransferFunctionScriptingTraits (0ms)
			SetupTypeCache (382ms)
			ReleaseScriptCaches (1ms)
			RebuildScriptCaches (65ms)
			SetupLoadedEditorAssemblies (406ms)
				LogAssemblyErrors (0ms)
				InitializePlatformSupportModulesInManaged (6ms)
				SetLoadedEditorAssemblies (1ms)
				RefreshPlugins (1ms)
				BeforeProcessingInitializeOnLoad (73ms)
				ProcessInitializeOnLoadAttributes (317ms)
				ProcessInitializeOnLoadMethodAttributes (7ms)
				AfterProcessingInitializeOnLoad (2ms)
				EditorAssembliesLoaded (0ms)
			ExecutionOrderSort2 (0ms)
			AwakeInstancesAfterBackupRestoration (13ms)
Platform modules already initialized, skipping
Refreshing native plugins compatible for Editor in 0.63 ms, found 3 plugins.
Preloading 0 native plugins for Editor in 0.00 ms.
Unloading 2086 Unused Serialized files (Serialized files now loaded: 0)
System memory in use before: 181.6 MB.
System memory in use after: 181.7 MB.

Unloading 16 unused Assets to reduce memory usage. Loaded Objects now: 2547.
Total: 3.419654 ms (FindLiveObjects: 0.227548 ms CreateObjectMapping: 0.096603 ms MarkObjects: 3.077144 ms  DeleteObjects: 0.017371 ms)

AssetImportParameters requested are different than current active one (requested -> active):
  custom:video-decoder-ogg-theora: a1e56fd34408186e4bbccfd4996cb3dc -> 
  custom:container-muxer-webm: aa71ff27fc2769a1b78a27578f13a17b -> 
  custom:container-demuxer-webm: 4f35f7cbe854078d1ac9338744f61a02 -> 
  custom:container-demuxer-ogg: 62fdf1f143b41e24485cea50d1cbac27 -> 
  custom:video-encoder-webm-vp8: eb34c28f22e8b96e1ab97ce403110664 -> 
  custom:framework-osx-AVFoundation: e770b220cccbd017edd2c1fefb359320 -> 
  custom:video-decoder-webm-vp8: 9c59270c3fd7afecdb556c50c9e8de78 -> 
  custom:audio-decoder-ogg-vorbis: bf7c407c2cedff20999df2af8eb42d56 -> 
  custom:audio-encoder-webm-vorbis: bf7c407c2cedff20999df2af8eb42d56 -> 
========================================================================
Received Prepare
Registering precompiled user dll's ...
Registered in 0.005277 seconds.
Begin MonoManager ReloadAssembly
Native extension for OSXStandalone target not found
Refreshing native plugins compatible for Editor in 0.60 ms, found 3 plugins.
Preloading 0 native plugins for Editor in 0.00 ms.
Mono: successfully reloaded assembly
- Completed reload, in  1.453 seconds
Domain Reload Profiling:
	ReloadAssembly (1454ms)
		BeginReloadAssembly (159ms)
			ExecutionOrderSort (0ms)
			DisableScriptedObjects (9ms)
			BackupInstance (0ms)
			ReleaseScriptingObjects (0ms)
			CreateAndSetChildDomain (79ms)
		EndReloadAssembly (1211ms)
			LoadAssemblies (93ms)
			RebuildTransferFunctionScriptingTraits (0ms)
			SetupTypeCache (422ms)
			ReleaseScriptCaches (1ms)
			RebuildScriptCaches (69ms)
			SetupLoadedEditorAssemblies (448ms)
				LogAssemblyErrors (0ms)
				InitializePlatformSupportModulesInManaged (6ms)
				SetLoadedEditorAssemblies (1ms)
				RefreshPlugins (1ms)
				BeforeProcessingInitializeOnLoad (82ms)
				ProcessInitializeOnLoadAttributes (347ms)
				ProcessInitializeOnLoadMethodAttributes (10ms)
				AfterProcessingInitializeOnLoad (2ms)
				EditorAssembliesLoaded (0ms)
			ExecutionOrderSort2 (0ms)
			AwakeInstancesAfterBackupRestoration (14ms)
Platform modules already initialized, skipping
Refreshing native plugins compatible for Editor in 0.54 ms, found 3 plugins.
Preloading 0 native plugins for Editor in 0.00 ms.
Unloading 2086 Unused Serialized files (Serialized files now loaded: 0)
System memory in use before: 181.8 MB.
System memory in use after: 182.0 MB.

Unloading 16 unused Assets to reduce memory usage. Loaded Objects now: 2550.
Total: 3.678424 ms (FindLiveObjects: 0.220119 ms CreateObjectMapping: 0.085489 ms MarkObjects: 3.352092 ms  DeleteObjects: 0.019460 ms)

AssetImportParameters requested are different than current active one (requested -> active):
  custom:video-decoder-ogg-theora: a1e56fd34408186e4bbccfd4996cb3dc -> 
  custom:container-muxer-webm: aa71ff27fc2769a1b78a27578f13a17b -> 
  custom:container-demuxer-webm: 4f35f7cbe854078d1ac9338744f61a02 -> 
  custom:container-demuxer-ogg: 62fdf1f143b41e24485cea50d1cbac27 -> 
  custom:video-encoder-webm-vp8: eb34c28f22e8b96e1ab97ce403110664 -> 
  custom:framework-osx-AVFoundation: e770b220cccbd017edd2c1fefb359320 -> 
  custom:video-decoder-webm-vp8: 9c59270c3fd7afecdb556c50c9e8de78 -> 
  custom:audio-decoder-ogg-vorbis: bf7c407c2cedff20999df2af8eb42d56 -> 
  custom:audio-encoder-webm-vorbis: bf7c407c2cedff20999df2af8eb42d56 -> 
AssetImportWorkerClient::OnTransportError - code=2 error=End of file
